
[1m[37m===[39m Deploying to 'tuscitasseguras-2d1a6'...[22m

[36m[1mi [22m[39m deploying [1mfunctions[22m
[32m[1m+ [22m[39m [32m[1mfunctions:[22m[39m Finished running [1mpredeploy[22m script.
[36m[1mi  functions:[22m[39m preparing codebase [1mdefault[22m for deployment
[36m[1mi  functions:[22m[39m ensuring required API [1mcloudfunctions.googleapis.com[22m is enabled...
[36m[1mi  functions:[22m[39m ensuring required API [1mcloudbuild.googleapis.com[22m is enabled...
[36m[1mi  artifactregistry:[22m[39m ensuring required API [1martifactregistry.googleapis.com[22m is enabled...
[33m[1m! [22m[39m [1m[33mfunctions: [39m[22mpackage.json indicates an outdated version of firebase-functions. Please upgrade using [1mnpm install --save firebase-functions@latest[22m in your functions directory.
[33m[1m! [22m[39m [1m[33mfunctions: [39m[22mPlease note that there will be breaking changes when you upgrade.
[36m[1mi  functions:[22m[39m Loading and analyzing source code for codebase default to determine what to deploy
Serving at port 8389

{"severity":"INFO","message":"Cloud Functions initialized","timestamp":"2025-12-02T13:22:24.764Z","component":"functions-main","nodeVersion":"v22.19.0","environment":"unknown"}

[36m[1mi  extensions:[22m[39m ensuring required API [1mfirebaseextensions.googleapis.com[22m is enabled...
[36m[1mi [22m[39m [36m[1mfunctions: [22m[39mLoaded environment variables from .env.
[36m[1mi  functions:[22m[39m preparing [1mfunctions[22m directory for uploading...
[36m[1mi [22m[39m [36m[1mfunctions:[22m[39m packaged [1mC:\Users\cesar\Documents\GitHub\FZ6\FZ6\functions[22m (138.4 KB) for uploading
! DEPRECATION NOTICE: Action required to deploy after March 2026
  
  functions.config() API is deprecated.
  Cloud Runtime Configuration API, the Google Cloud service used to store function configuration data, will be shut down in March 2026. As a result, you must migrate away from using functions.config() to continue deploying your functions after March 2026.
  
  What this means for you:
  
  - The Firebase CLI commands for managing this configuration (functions:config:set, get, unset, clone, and export) are deprecated. These commands will no longer work after March 2026.
  - firebase deploy command will fail for functions that use the legacy functions.config() API after March 2026.
  
  Existing deployments will continue to work with their current configuration.
  
  See your migration options at: https://firebase.google.com/docs/functions/config-env#migrate-to-dotenv
[36m[1mi [22m[39m [36m[1mfunctions:[22m[39m packaged [1mC:\Users\cesar\Documents\GitHub\FZ6\FZ6\functions[22m (139.03 KB) for uploading
[36m[1mi  functions:[22m[39m ensuring required API [1mcloudscheduler.googleapis.com[22m is enabled...
[36m[1mi  functions:[22m[39m ensuring required API [1mrun.googleapis.com[22m is enabled...
[36m[1mi  functions:[22m[39m ensuring required API [1meventarc.googleapis.com[22m is enabled...
[36m[1mi  functions:[22m[39m ensuring required API [1mpubsub.googleapis.com[22m is enabled...
[36m[1mi  functions:[22m[39m ensuring required API [1mstorage.googleapis.com[22m is enabled...
[36m[1mi  functions:[22m[39m generating the service identity for [1mpubsub.googleapis.com[22m...
[36m[1mi  functions:[22m[39m generating the service identity for [1meventarc.googleapis.com[22m...
[32m[1m+  functions:[22m[39m [1mfunctions[22m source uploaded successfully
[36m[1mi  functions:[22m[39m updating Node.js 20 (1st Gen) function [1mapiProxy(us-central1)[22m...
[36m[1mi  functions:[22m[39m updating Node.js 20 (1st Gen) function [1monUserDocCreate(us-central1)[22m...
[36m[1mi  functions:[22m[39m updating Node.js 20 (1st Gen) function [1monUserDocUpdate(us-central1)[22m...
[36m[1mi  functions:[22m[39m updating Node.js 20 (1st Gen) function [1msyncChatACL(us-central1)[22m...
[36m[1mi  functions:[22m[39m updating Node.js 20 (1st Gen) function [1mupdateUserClaims(us-central1)[22m...
[36m[1mi  functions:[22m[39m updating Node.js 20 (1st Gen) function [1mgetUserClaims(us-central1)[22m...
[36m[1mi  functions:[22m[39m updating Node.js 20 (1st Gen) function [1mcreateFirstAdmin(us-central1)[22m...
[36m[1mi  functions:[22m[39m updating Node.js 20 (1st Gen) function [1mstripeWebhook(us-central1)[22m...
[36m[1mi  functions:[22m[39m updating Node.js 20 (1st Gen) function [1mpaypalWebhook(us-central1)[22m...
[36m[1mi  functions:[22m[39m updating Node.js 20 (1st Gen) function [1mcaptureInsuranceAuthorization(us-central1)[22m...
[36m[1mi  functions:[22m[39m updating Node.js 20 (1st Gen) function [1mvoidInsuranceAuthorization(us-central1)[22m...
[36m[1mi  functions:[22m[39m updating Node.js 20 (1st Gen) function [1mgetInsuranceAuthorizationStatus(us-central1)[22m...
[36m[1mi  functions:[22m[39m updating Node.js 20 (1st Gen) function [1monMatchCreated(us-central1)[22m...
[36m[1mi  functions:[22m[39m updating Node.js 20 (1st Gen) function [1monMatchAccepted(us-central1)[22m...
[36m[1mi  functions:[22m[39m updating Node.js 20 (1st Gen) function [1monMessageCreated(us-central1)[22m...
[36m[1mi  functions:[22m[39m updating Node.js 20 (1st Gen) function [1monAppointmentConfirmed(us-central1)[22m...
[36m[1mi  functions:[22m[39m updating Node.js 20 (1st Gen) function [1msendAppointmentReminders(us-central1)[22m...
[36m[1mi  functions:[22m[39m updating Node.js 20 (1st Gen) function [1monVIPEventPublished(us-central1)[22m...
[36m[1mi  functions:[22m[39m updating Node.js 20 (1st Gen) function [1monSOSAlert(us-central1)[22m...
[36m[1mi  functions:[22m[39m updating Node.js 20 (1st Gen) function [1msendTestNotification(us-central1)[22m...
[36m[1mi  functions:[22m[39m updating Node.js 20 (1st Gen) function [1manalyzeFraud(us-central1)[22m...
[36m[1mi  functions:[22m[39m updating Node.js 20 (1st Gen) function [1monUserCreatedAnalyzeFraud(us-central1)[22m...
[36m[1mi  functions:[22m[39m updating Node.js 20 (1st Gen) function [1mscheduledFraudAnalysis(us-central1)[22m...
[36m[1mi  functions:[22m[39m updating Node.js 20 (1st Gen) function [1mhealth(us-central1)[22m...
[36m[1mi  functions:[22m[39m updating Node.js 20 (1st Gen) function [1mhealthDetailed(us-central1)[22m...
[36m[1mi  functions:[22m[39m updating Node.js 20 (1st Gen) function [1mready(us-central1)[22m...
[36m[1mi  functions:[22m[39m updating Node.js 20 (1st Gen) function [1malive(us-central1)[22m...
[36m[1mi  functions:[22m[39m updating Node.js 20 (2nd Gen) function [1mverifyRecaptcha(us-central1)[22m...
[36m[1mi  functions:[22m[39m updating Node.js 20 (2nd Gen) function [1mverifyRecaptchaCallable(us-central1)[22m...
[32m[1m+ [22m[39m [1m[32mfunctions[verifyRecaptcha(us-central1)][39m[22m Successful update operation.
[32m[1m+ [22m[39m [1m[32mfunctions[verifyRecaptchaCallable(us-central1)][39m[22m Successful update operation.
[32m[1m+ [22m[39m [1m[32mfunctions[apiProxy(us-central1)][39m[22m Successful update operation.
[32m[1m+ [22m[39m [1m[32mfunctions[sendTestNotification(us-central1)][39m[22m Successful update operation.
[32m[1m+ [22m[39m [1m[32mfunctions[syncChatACL(us-central1)][39m[22m Successful update operation.
[32m[1m+ [22m[39m [1m[32mfunctions[createFirstAdmin(us-central1)][39m[22m Successful update operation.
[32m[1m+ [22m[39m [1m[32mfunctions[onMatchCreated(us-central1)][39m[22m Successful update operation.
[32m[1m+ [22m[39m [1m[32mfunctions[ready(us-central1)][39m[22m Successful update operation.
[32m[1m+ [22m[39m [1m[32mfunctions[onVIPEventPublished(us-central1)][39m[22m Successful update operation.
[32m[1m+ [22m[39m [1m[32mfunctions[paypalWebhook(us-central1)][39m[22m Successful update operation.
[32m[1m+ [22m[39m [1m[32mfunctions[onUserDocCreate(us-central1)][39m[22m Successful update operation.
[32m[1m+ [22m[39m [1m[32mfunctions[getInsuranceAuthorizationStatus(us-central1)][39m[22m Successful update operation.
[32m[1m+ [22m[39m [1m[32mfunctions[voidInsuranceAuthorization(us-central1)][39m[22m Successful update operation.
[32m[1m+ [22m[39m [1m[32mfunctions[updateUserClaims(us-central1)][39m[22m Successful update operation.
[32m[1m+ [22m[39m [1m[32mfunctions[sendAppointmentReminders(us-central1)][39m[22m Successful update operation.
[32m[1m+ [22m[39m [1m[32mfunctions[onSOSAlert(us-central1)][39m[22m Successful update operation.
[32m[1m+ [22m[39m [1m[32mfunctions[onMatchAccepted(us-central1)][39m[22m Successful update operation.
[32m[1m+ [22m[39m [1m[32mfunctions[healthDetailed(us-central1)][39m[22m Successful update operation.
[32m[1m+ [22m[39m [1m[32mfunctions[getUserClaims(us-central1)][39m[22m Successful update operation.
[32m[1m+ [22m[39m [1m[32mfunctions[analyzeFraud(us-central1)][39m[22m Successful update operation.
[32m[1m+ [22m[39m [1m[32mfunctions[stripeWebhook(us-central1)][39m[22m Successful update operation.
[32m[1m+ [22m[39m [1m[32mfunctions[onAppointmentConfirmed(us-central1)][39m[22m Successful update operation.
[32m[1m+ [22m[39m [1m[32mfunctions[onMessageCreated(us-central1)][39m[22m Successful update operation.
[32m[1m+ [22m[39m [1m[32mfunctions[onUserDocUpdate(us-central1)][39m[22m Successful update operation.
[32m[1m+ [22m[39m [1m[32mfunctions[health(us-central1)][39m[22m Successful update operation.
[32m[1m+ [22m[39m [1m[32mfunctions[alive(us-central1)][39m[22m Successful update operation.
[32m[1m+ [22m[39m [1m[32mfunctions[onUserCreatedAnalyzeFraud(us-central1)][39m[22m Successful update operation.
[32m[1m+ [22m[39m [1m[32mfunctions[scheduledFraudAnalysis(us-central1)][39m[22m Successful update operation.
[32m[1m+ [22m[39m [1m[32mfunctions[captureInsuranceAuthorization(us-central1)][39m[22m Successful update operation.
[1mFunction URL[22m (apiProxy(us-central1)): https://us-central1-tuscitasseguras-2d1a6.cloudfunctions.net/apiProxy
[1mFunction URL[22m (createFirstAdmin(us-central1)): https://us-central1-tuscitasseguras-2d1a6.cloudfunctions.net/createFirstAdmin
[1mFunction URL[22m (stripeWebhook(us-central1)): https://us-central1-tuscitasseguras-2d1a6.cloudfunctions.net/stripeWebhook
[1mFunction URL[22m (paypalWebhook(us-central1)): https://us-central1-tuscitasseguras-2d1a6.cloudfunctions.net/paypalWebhook
[1mFunction URL[22m (health(us-central1)): https://us-central1-tuscitasseguras-2d1a6.cloudfunctions.net/health
[1mFunction URL[22m (healthDetailed(us-central1)): https://us-central1-tuscitasseguras-2d1a6.cloudfunctions.net/healthDetailed
[1mFunction URL[22m (ready(us-central1)): https://us-central1-tuscitasseguras-2d1a6.cloudfunctions.net/ready
[1mFunction URL[22m (alive(us-central1)): https://us-central1-tuscitasseguras-2d1a6.cloudfunctions.net/alive
[1mFunction URL[22m (verifyRecaptcha(us-central1)): https://verifyrecaptcha-q3g7g653oa-uc.a.run.app

[32m[1m+ [22m[39m [1m[4mDeploy complete![24m[22m

[1mProject Console:[22m https://console.firebase.google.com/project/tuscitasseguras-2d1a6/overview
