
[1m[37m===[39m Deploying to 'tuscitasseguras-2d1a6'...[22m

[36m[1mi [22m[39m deploying [1mfunctions[22m
[32m[1m+ [22m[39m [32m[1mfunctions:[22m[39m Finished running [1mpredeploy[22m script.
[36m[1mi  functions:[22m[39m preparing codebase [1mdefault[22m for deployment
[36m[1mi  functions:[22m[39m ensuring required API [1mcloudfunctions.googleapis.com[22m is enabled...
[36m[1mi  functions:[22m[39m ensuring required API [1mcloudbuild.googleapis.com[22m is enabled...
[36m[1mi  artifactregistry:[22m[39m ensuring required API [1martifactregistry.googleapis.com[22m is enabled...
[33m[1m! [22m[39m [1m[33mfunctions: [39m[22mpackage.json indicates an outdated version of firebase-functions. Please upgrade using [1mnpm install --save firebase-functions@latest[22m in your functions directory.
[33m[1m! [22m[39m [1m[33mfunctions: [39m[22mPlease note that there will be breaking changes when you upgrade.
[36m[1mi  functions:[22m[39m Loading and analyzing source code for codebase default to determine what to deploy
Serving at port 8381

{"severity":"INFO","message":"Cloud Functions initialized","timestamp":"2025-12-02T12:20:22.982Z","component":"functions-main","nodeVersion":"v22.19.0","environment":"unknown"}

TypeError: functions.firestore.document is not a function
    at Object.<anonymous> (C:\Users\cesar\Documents\GitHub\FZ6\FZ6\functions\notifications.js:85:4)
    at Module._compile (node:internal/modules/cjs/loader:1706:14)
    at Object..js (node:internal/modules/cjs/loader:1839:10)
    at Module.load (node:internal/modules/cjs/loader:1441:32)
    at Function._load (node:internal/modules/cjs/loader:1263:12)
    at TracingChannel.traceSync (node:diagnostics_channel:322:14)
    at wrapModuleLoad (node:internal/modules/cjs/loader:237:24)
    at Module.require (node:internal/modules/cjs/loader:1463:12)
    at require (node:internal/modules/helpers:147:16)
    at Object.<anonymous> (C:\Users\cesar\Documents\GitHub\FZ6\FZ6\functions\index.js:1653:23)


[1m[31mError:[39m[22m Functions codebase could not be analyzed successfully. It may have a syntax or runtime error
