
> tucitasegura-webapp@1.0.0 build
> vite build

The CJS build of Vite's Node API is deprecated. See https://vite.dev/guide/troubleshooting.html#vite-cjs-node-api-deprecated for more details.
[36mvite v5.4.21 [32mbuilding for production...[36m[39m
<script src="./js/sanitizer.js"> in "/ayuda.html" can't be bundled without type="module" attribute
<script src="./js/error-fixes.js"> in "/ayuda.html" can't be bundled without type="module" attribute
<script src="./js/error-fixes.js"> in "/buscar-usuarios.html" can't be bundled without type="module" attribute
<script src="./js/sanitizer.js"> in "/buscar-usuarios.html" can't be bundled without type="module" attribute
<script src="./js/demo-banner.js"> in "/buscar-usuarios.html" can't be bundled without type="module" attribute
<script src="./js/sanitizer.js"> in "/chat.html" can't be bundled without type="module" attribute
<script src="./js/demo-banner.js"> in "/chat.html" can't be bundled without type="module" attribute
<script src="./js/sanitizer.js"> in "/cita-detalle.html" can't be bundled without type="module" attribute
<script src="./js/sanitizer.js"> in "/concierge-dashboard.html" can't be bundled without type="module" attribute
<script src="./js/sanitizer.js"> in "/conversaciones.html" can't be bundled without type="module" attribute
<script src="./js/sanitizer.js"> in "/cuenta-pagos.html" can't be bundled without type="module" attribute
<script src="./js/error-fixes.js"> in "/cuenta-pagos.html" can't be bundled without type="module" attribute
<script src="./js/sanitizer.js"> in "/evento-detalle.html" can't be bundled without type="module" attribute
<script src="./js/error-fixes.js"> in "/evento-detalle.html" can't be bundled without type="module" attribute
<script src="./js/sanitizer.js"> in "/eventos-vip.html" can't be bundled without type="module" attribute
<script src="./js/error-fixes.js"> in "/eventos-vip.html" can't be bundled without type="module" attribute
<script src="./js/sanitizer.js"> in "/logros.html" can't be bundled without type="module" attribute
<script src="./js/sanitizer.js"> in "/membresia.html" can't be bundled without type="module" attribute
<script src="./js/sanitizer.js"> in "/perfil.html" can't be bundled without type="module" attribute
<script src="./js/demo-banner.js"> in "/perfil.html" can't be bundled without type="module" attribute
<script src="./js/sanitizer.js"> in "/referidos.html" can't be bundled without type="module" attribute
<script src="./js/sanitizer.js"> in "/reportes.html" can't be bundled without type="module" attribute
<script src="./js/sanitizer.js"> in "/seguridad.html" can't be bundled without type="module" attribute
<script src="./js/sanitizer.js"> in "/seguro.html" can't be bundled without type="module" attribute
<script src="./js/error-fixes.js"> in "/seguro.html" can't be bundled without type="module" attribute
<script src="./js/sanitizer.js"> in "/suscripcion.html" can't be bundled without type="module" attribute
<script src="./js/sanitizer.js"> in "/verificacion-identidad.html" can't be bundled without type="module" attribute
<script src="./js/sanitizer.js"> in "/verify-email.html" can't be bundled without type="module" attribute
<script src="./js/sanitizer.js"> in "/video-chat.html" can't be bundled without type="module" attribute
<script src="./js/sanitizer.js"> in "/example-notification-integration.html" can't be bundled without type="module" attribute
transforming...

css/styles.css doesn't exist at build time, it will remain unchanged to be resolved at runtime
[32mÔ£ô[39m 32 modules transformed.
x Build failed in 893ms
error during build:
[vite:build-import-analysis] [plugin vite:build-import-analysis] buscar-usuarios.html?html-proxy&index=3.js: Failed to parse source for import analysis because the content contains invalid JS syntax. You may need to install appropriate plugins to handle the .js file format, or if it's an asset, add "**/*.js" to `assetsInclude` in your configuration.
file: C:/Users/cesar/Documents/GitHub/FZ6/FZ6/webapp/buscar-usuarios.html?html-proxy&index=3.js
    at getRollupError (file:///C:/Users/cesar/Documents/GitHub/FZ6/FZ6/webapp/node_modules/rollup/dist/es/shared/parseAst.js:401:41)
    at error (file:///C:/Users/cesar/Documents/GitHub/FZ6/FZ6/webapp/node_modules/rollup/dist/es/shared/parseAst.js:397:42)
    at Object.error (file:///C:/Users/cesar/Documents/GitHub/FZ6/FZ6/webapp/node_modules/rollup/dist/es/shared/node-entry.js:22129:20)
    at Object.error (file:///C:/Users/cesar/Documents/GitHub/FZ6/FZ6/webapp/node_modules/rollup/dist/es/shared/node-entry.js:21186:42)
    at Object.transform (file:///C:/Users/cesar/Documents/GitHub/FZ6/FZ6/webapp/node_modules/vite/dist/node/chunks/dep-BK3b2jBa.js:64913:14)
