The CJS build of Vite's Node API is deprecated. See https://vite.dev/guide/troubleshooting.html#vite-cjs-node-api-deprecated for more details.
Port 3000 is in use, trying another one...
Port 3001 is in use, trying another one...

  [32m[1mVITE[22m v5.4.21[39m  [2mready in [0m[1m1022[22m[2m[0m ms[22m

  [32mÔ×£[39m  [1mLocal[22m:   [36mhttp://localhost:[1m3002[22m/[39m
  [32mÔ×£[39m  [1mNetwork[22m: [36mhttp://10.5.0.2:[1m3002[22m/[39m
  [32mÔ×£[39m  [1mNetwork[22m: [36mhttp://192.168.1.130:[1m3002[22m/[39m
[2m[32m  Ô×£[39m[22m[2m  press [22m[1mh + enter[22m[2m to show help[22m
Error:   Failed to scan for dependencies from entries:
  C:\Users\cesar\Documents\GitHub\FZ6\FZ6\webapp\login.html
C:\Users\cesar\Documents\GitHub\FZ6\FZ6\webapp\admin-login.html
C:\Users\cesar\Documents\GitHub\FZ6\FZ6\webapp\admin.html
C:\Users\cesar\Documents\GitHub\FZ6\FZ6\webapp\ayuda.html
C:\Users\cesar\Documents\GitHub\FZ6\FZ6\webapp\buscar-usuarios.html
C:\Users\cesar\Documents\GitHub\FZ6\FZ6\webapp\chat.html
C:\Users\cesar\Documents\GitHub\FZ6\FZ6\webapp\cita-detalle.html
C:\Users\cesar\Documents\GitHub\FZ6\FZ6\webapp\concierge-dashboard.html
C:\Users\cesar\Documents\GitHub\FZ6\FZ6\webapp\conversaciones.html
C:\Users\cesar\Documents\GitHub\FZ6\FZ6\webapp\cuenta-pagos.html
C:\Users\cesar\Documents\GitHub\FZ6\FZ6\webapp\evento-detalle.html
C:\Users\cesar\Documents\GitHub\FZ6\FZ6\webapp\eventos-vip.html
C:\Users\cesar\Documents\GitHub\FZ6\FZ6\webapp\login.html
C:\Users\cesar\Documents\GitHub\FZ6\FZ6\webapp\logros.html
C:\Users\cesar\Documents\GitHub\FZ6\FZ6\webapp\membresia.html
C:\Users\cesar\Documents\GitHub\FZ6\FZ6\webapp\perfil.html
C:\Users\cesar\Documents\GitHub\FZ6\FZ6\webapp\referidos.html
C:\Users\cesar\Documents\GitHub\FZ6\FZ6\webapp\register.html
C:\Users\cesar\Documents\GitHub\FZ6\FZ6\webapp\reportes.html
C:\Users\cesar\Documents\GitHub\FZ6\FZ6\webapp\seguridad.html
C:\Users\cesar\Documents\GitHub\FZ6\FZ6\webapp\seguro.html
C:\Users\cesar\Documents\GitHub\FZ6\FZ6\webapp\suscripcion.html
C:\Users\cesar\Documents\GitHub\FZ6\FZ6\webapp\verificacion-identidad.html
C:\Users\cesar\Documents\GitHub\FZ6\FZ6\webapp\verify-email.html
C:\Users\cesar\Documents\GitHub\FZ6\FZ6\webapp\video-chat.html
C:\Users\cesar\Documents\GitHub\FZ6\FZ6\webapp\example-notification-integration.html

  X [ERROR] No matching export in "js/firebase-config-env.js" for import "VAPID_PUBLIC_KEY"

    js/notifications.js:8:19:
      8 Ôöé import { auth, db, VAPID_PUBLIC_KEY } from './firebase-config-env.js';
        ÔòÁ                    ~~~~~~~~~~~~~~~~


X [ERROR] No matching export in "js/theme.js" for import "loader"

    script:C:/Users/cesar/Documents/GitHub/FZ6/FZ6/webapp/buscar-usuarios.html?id=2:21:13:
      21 Ôöé     import { loader } from './js/theme.js'; // Assuming loader log...
         ÔòÁ              ~~~~~~


    at failureErrorWithLog (C:\Users\cesar\Documents\GitHub\FZ6\FZ6\webapp\node_modules\esbuild\lib\main.js:1472:15)
    at C:\Users\cesar\Documents\GitHub\FZ6\FZ6\webapp\node_modules\esbuild\lib\main.js:945:25
    at runOnEndCallbacks (C:\Users\cesar\Documents\GitHub\FZ6\FZ6\webapp\node_modules\esbuild\lib\main.js:1315:45)
    at buildResponseToResult (C:\Users\cesar\Documents\GitHub\FZ6\FZ6\webapp\node_modules\esbuild\lib\main.js:943:7)
    at C:\Users\cesar\Documents\GitHub\FZ6\FZ6\webapp\node_modules\esbuild\lib\main.js:955:9
    at new Promise (<anonymous>)
    at requestCallbacks.on-end (C:\Users\cesar\Documents\GitHub\FZ6\FZ6\webapp\node_modules\esbuild\lib\main.js:954:54)
    at handleRequest (C:\Users\cesar\Documents\GitHub\FZ6\FZ6\webapp\node_modules\esbuild\lib\main.js:647:17)
    at handleIncomingPacket (C:\Users\cesar\Documents\GitHub\FZ6\FZ6\webapp\node_modules\esbuild\lib\main.js:672:7)
    at Socket.readFromStdout (C:\Users\cesar\Documents\GitHub\FZ6\FZ6\webapp\node_modules\esbuild\lib\main.js:600:7)
[2m15:50:26[22m [36m[1m[vite][22m[39m [32mvite.config.js changed, restarting server...[39m
[2m15:50:26[22m [36m[1m[vite][22m[39m [32mvite.config.js changed, restarting server...[39m
[2m15:50:28[22m [36m[1m[vite][22m[39m server restarted.
[2m16:00:16[22m [36m[1m[vite][22m[39m [32mpage reload [39m[2mlogin_debug.html[22m
[2m16:00:16[22m [36m[1m[vite][22m[39m [32mpage reload [39m[2mlogin_debug.html[22m
[2m16:16:12[22m [36m[1m[vite][22m[39m [32mpage reload [39m[2mlogin_debug.html[22m
[2m16:16:16[22m [36m[1m[vite][22m[39m [32mpage reload [39m[2mlogin_debug.html[22m
[2m16:22:50[22m [36m[1m[vite][22m[39m [32mpage reload [39m[2mlogin_debug.html[22m
[2m16:28:32[22m [36m[1m[vite][22m[39m [32mvite.config.js changed, restarting server...[39m
[2m16:28:33[22m [36m[1m[vite][22m[39m [32mvite.config.js changed, restarting server...[39m
[2m16:28:37[22m [36m[1m[vite][22m[39m [32mpage reload [39m[2mlogin_debug.html[22m
[2m16:28:42[22m [36m[1m[vite][22m[39m server restarted.
